SETTING UP POINT NET TRAINING ENVIRONMENT

SLURM_TMPDIR
/localscratch/russbate.2318541.0
slurm job number
2318541

current directory: 
/localscratch/russbate.2318541.0

training data directory
total 1.8G
drwxr-x---. 2 russbate russbate    4 Feb  2 21:26 .
drwxr-x---. 6 russbate russbate    6 Feb  2 21:26 ..
-rw-r-----. 1 russbate russbate 5.6G Feb  2 21:26 XR_norm.npy
-rw-r-----. 1 russbate russbate 2.8G Feb  2 21:26 YR_segm_norm.npy

executables and python scripts
total 3.0K
drwxr-x---. 2 russbate russbate    6 Feb  2 21:26 .
drwxr-x---. 6 russbate russbate    6 Feb  2 21:26 ..
-rw-r-----. 1 russbate russbate  11K Feb  2 21:26 deep_set_util.py
-rw-r-----. 1 russbate russbate   22 Feb  2 21:26 helloworld_python.py
-rw-r-----. 1 russbate russbate 7.1K Feb  2 21:26 pnet_models.py
-rw-r-----. 1 russbate russbate 3.7K Feb  2 21:26 pnet_train_loop.py

container
total 6.7G
-rwxr-x---. 1 russbate russbate 6.7G Feb  2 21:26 baseml_tf_v0.1.37.sif

NVIDIA
NVIDIA-SMI has failed because it couldn't communicate with the NVIDIA driver. Make sure that the latest NVIDIA driver is installed and running.


total 11K
drwxr-x---. 6 russbate russbate  6 Feb  2 21:26 .
drwxr-xr-x. 3 russbate russbate 60 Feb  2 21:26 ..
drwxr-x---. 2 russbate russbate  3 Feb  2 21:26 container
drwxr-x---. 2 russbate russbate  2 Feb  2 21:26 results
drwxr-x---. 2 russbate russbate  6 Feb  2 21:26 scripts
drwxr-x---. 2 russbate russbate  4 Feb  2 21:26 train_data

Finished Job?

