SETTING UP POINT NET TRAINING ENVIRONMENT

SLURM_TMPDIR
/localscratch/russbate.2466655.0
slurm job number
2466655

current directory: 
/localscratch/russbate.2466655.0

training data directory
total 2.1G
drwxr-x---. 2 russbate russbate    4 Feb  7 17:50 .
drwxr-x---. 6 russbate russbate    6 Feb  7 17:50 ..
-rw-r-----. 1 russbate russbate 5.6G Feb  7 17:50 XR_norm.npy
-rw-r-----. 1 russbate russbate 2.8G Feb  7 17:50 YR_segm_norm.npy

executables and python scripts
total 3.0K
drwxr-x---. 2 russbate russbate    6 Feb  7 17:50 .
drwxr-x---. 6 russbate russbate    6 Feb  7 17:50 ..
-rw-r-----. 1 russbate russbate  11K Feb  7 17:50 deep_set_util.py
-rw-r-----. 1 russbate russbate   22 Feb  7 17:50 helloworld_python.py
-rw-r-----. 1 russbate russbate  17K Feb  7 17:50 pnet_models.py
-rw-r-----. 1 russbate russbate 3.8K Feb  7 17:50 pnet_train_loop.py

container
total 6.7G
-rwxr-x---. 1 russbate russbate 6.7G Feb  7 17:50 baseml_tf_v0.1.37.sif

NVIDIA
Mon Feb  7 17:50:13 2022       
+-----------------------------------------------------------------------------+
| NVIDIA-SMI 470.82.01    Driver Version: 470.82.01    CUDA Version: 11.4     |
|-------------------------------+----------------------+----------------------+
| GPU  Name        Persistence-M| Bus-Id        Disp.A | Volatile Uncorr. ECC |
| Fan  Temp  Perf  Pwr:Usage/Cap|         Memory-Usage | GPU-Util  Compute M. |
|                               |                      |               MIG M. |
|===============================+======================+======================|
|   0  NVIDIA A100-SXM...  Off  | 00000000:01:00.0 Off |                    0 |
| N/A   35C    P0    49W / 400W |      0MiB / 40536MiB |      0%      Default |
|                               |                      |             Disabled |
+-------------------------------+----------------------+----------------------+
                                                                               
+-----------------------------------------------------------------------------+
| Processes:                                                                  |
|  GPU   GI   CI        PID   Type   Process name                  GPU Memory |
|        ID   ID                                                   Usage      |
|=============================================================================|
|  No running processes found                                                 |
+-----------------------------------------------------------------------------+

finished singularity exec

total 19K
drwxr-x---. 6 russbate russbate 6 Feb  7 17:50 .
drwxr-xr-x. 8 root     root     8 Feb  7 17:50 ..
drwxr-x---. 2 russbate russbate 3 Feb  7 17:50 container
drwxr-x---. 2 russbate russbate 2 Feb  7 17:50 results
drwxr-x---. 3 russbate russbate 8 Feb  7 17:50 scripts
drwxr-x---. 2 russbate russbate 4 Feb  7 17:50 train_data
cp: cannot stat 'results/*': No such file or directory

Finished Job!

