SETTING UP POINT NET TRAINING ENVIRONMENT

SLURM_TMPDIR
/localscratch/russbate.2362027.0
slurm job number
2362027

current directory: 
/localscratch/russbate.2362027.0

training data directory
total 2.0G
drwxr-x---. 2 russbate russbate    4 Feb  3 23:05 .
drwxr-x---. 6 russbate russbate    6 Feb  3 23:04 ..
-rw-r-----. 1 russbate russbate 5.6G Feb  3 23:05 XR_norm.npy
-rw-r-----. 1 russbate russbate 2.8G Feb  3 23:05 YR_segm_norm.npy

executables and python scripts
total 3.0K
drwxr-x---. 2 russbate russbate    6 Feb  3 23:05 .
drwxr-x---. 6 russbate russbate    6 Feb  3 23:04 ..
-rw-r-----. 1 russbate russbate  11K Feb  3 23:05 deep_set_util.py
-rw-r-----. 1 russbate russbate   22 Feb  3 23:05 helloworld_python.py
-rw-r-----. 1 russbate russbate  12K Feb  3 23:05 pnet_models.py
-rw-r-----. 1 russbate russbate 4.1K Feb  3 23:05 pnet_train_loop.py

container
total 6.7G
-rwxr-x---. 1 russbate russbate 6.7G Feb  3 23:05 baseml_tf_v0.1.37.sif

NVIDIA
Thu Feb  3 23:05:06 2022       
+-----------------------------------------------------------------------------+
| NVIDIA-SMI 470.82.01    Driver Version: 470.82.01    CUDA Version: 11.4     |
|-------------------------------+----------------------+----------------------+
| GPU  Name        Persistence-M| Bus-Id        Disp.A | Volatile Uncorr. ECC |
| Fan  Temp  Perf  Pwr:Usage/Cap|         Memory-Usage | GPU-Util  Compute M. |
|                               |                      |               MIG M. |
|===============================+======================+======================|
|   0  NVIDIA A100-SXM...  Off  | 00000000:C1:00.0 Off |                    0 |
| N/A   29C    P0    52W / 400W |      0MiB / 40536MiB |      0%      Default |
|                               |                      |             Disabled |
+-------------------------------+----------------------+----------------------+
                                                                               
+-----------------------------------------------------------------------------+
| Processes:                                                                  |
|  GPU   GI   CI        PID   Type   Process name                  GPU Memory |
|        ID   ID                                                   Usage      |
|=============================================================================|
|  No running processes found                                                 |
+-----------------------------------------------------------------------------+

finished singularity exec

total 19K
drwxr-x---. 6 russbate russbate 6 Feb  3 23:04 .
drwxr-xr-x. 9 root     root     9 Feb  3 23:04 ..
drwxr-x---. 2 russbate russbate 3 Feb  3 23:04 container
drwxr-x---. 2 russbate russbate 2 Feb  3 23:04 results
drwxr-x---. 3 russbate russbate 8 Feb  3 23:05 scripts
drwxr-x---. 2 russbate russbate 4 Feb  3 23:05 train_data
cp: cannot stat 'results/*': No such file or directory

Finished Job!

